svn:eol-style
svn:executable
svn:externals
svn:ignore
svn:global-ignores
svn:auto-props
svn:keywords
svn:needs-lock
svn:mime-type
svn:mergeinfo

bugtraq:url
bugtraq:logregex
bugtraq:label
bugtraq:message
bugtraq:number
bugtraq:warnifnoissue
bugtraq:append
bugtraq:provideruuid
bugtraq:providerparams

tsvn:logtemplate
tsvn:logtemplatecommit
tsvn:logtemplatebranch
tsvn:logtemplateimport
tsvn:logtemplatedelete
tsvn:logtemplatemove
tsvn:logtemplatemkdir
tsvn:logtemplatepropset
tsvn:logtemplatelock
tsvn:logwidthmarker
tsvn:logminsize
tsvn:lockmsgminsize
tsvn:logfilelistenglish
tsvn:logsummary
tsvn:projectlanguage
tsvn:userfileproperties
tsvn:userdirproperties
tsvn:autoprops
tsdn:logrevregex

webviewer:revision
webviewer:pathrevision
